<?xml version="1.0" encoding="UTF-8"?>
<!-- Generated by org.testng.reporters.JUnitReportReporter -->
<testsuite skipped="0" hostname="CPU006" name="RunFile.RegisterTC" tests="1" failures="0" timestamp="20 Sep 2019 10:40:34 GMT" time="27.849" errors="0">
  <testcase name="validSignup" time="27.849" classname="RunFile.RegisterTC"/>
</testsuite> <!-- RunFile.RegisterTC -->
