<?xml version="1.0" encoding="UTF-8"?>
<!-- Generated by org.testng.reporters.JUnitReportReporter -->
<testsuite hostname="DESKTOP-28U8M69" failures="0" tests="1" name="RunFile.ExecuteFile" time="66.779" errors="0" timestamp="2019-09-21T19:02:46 NPT" skipped="0">
  <testcase classname="RunFile.ExecuteFile" name="validSignup" time="66.779"/>
</testsuite> <!-- RunFile.ExecuteFile -->
